<?xml version="1.0" encoding="UTF-8"?>
<!-- Generated by org.testng.reporters.JUnitReportReporter -->
<testsuite hostname="Home-PC" failures="0" tests="1" name="Testcases.TC_LoginTest_001" time="18.525" errors="0" timestamp="2022-06-09T18:39:50 IST" skipped="0">
  <testcase classname="Testcases.TC_LoginTest_001" name="loginTest" time="18.525"/>
  <system-out/>
</testsuite> <!-- Testcases.TC_LoginTest_001 -->
